2022-04-25 21:21:54,647 [PID 8482] INFO Waiting for server...
2022-04-25 21:21:54,654 [PID 8482] INFO Cannot find a running Pyre server. Starting a new one...
2022-04-25 21:21:54,655 [PID 8482] INFO No binary specified, looking for `pyre.bin` in PATH
2022-04-25 21:21:54,656 [PID 8482] INFO Could not determine the number of Pyre workers from configuration. Auto-set the value to 1.
2022-04-25 21:21:54,662 [PID 8482] INFO No typeshed specified, looking for it...
2022-04-25 21:21:54,662 [PID 8482] INFO Found: `/Users/sid/Desktop/VisitorWiz/.venv/lib/pyre_check/typeshed`
2022-04-25 21:21:54,665 [PID 8482] INFO Starting server at `VisitorWiz`...
2022-04-25 21:21:54,666 [PID 8482] INFO Writing arguments into /var/folders/vw/20clzjlx5llcqmx67mtf5v_h0000gn/T/pyre_arguments_nzjg36f9.json...
2022-04-25 21:21:54,667 [PID 8482] DEBUG Arguments:
{
  "source_paths": {
    "kind": "simple",
    "paths": [
      "/Users/sid/Desktop/VisitorWiz"
    ]
  },
  "search_paths": [
    "/Users/sid/Desktop/VisitorWiz/.venv/lib/python3.10/site-packages$dataclasses_json",
    "/Users/sid/Desktop/VisitorWiz/.venv/lib/python3.10/site-packages$numpy",
    "/Users/sid/Desktop/VisitorWiz/.venv/lib/python3.10/site-packages$pip",
    "/Users/sid/Desktop/VisitorWiz/.venv/lib/python3.10/site-packages$dotenv",
    "/Users/sid/Desktop/VisitorWiz/.venv/lib/python3.10/site-packages$libcst",
    "/Users/sid/Desktop/VisitorWiz/.venv/lib/python3.10/site-packages$packaging",
    "/Users/sid/Desktop/VisitorWiz/.venv/lib/python3.10/site-packages$pyparsing",
    "/Users/sid/Desktop/VisitorWiz/.venv/lib/python3.10/site-packages$click",
    "/Users/sid/Desktop/VisitorWiz/.venv/lib/python3.10/site-packages$typeguard",
    "/Users/sid/Desktop/VisitorWiz/.venv/lib/python3.10/site-packages$testslide",
    "/Users/sid/Desktop/VisitorWiz/.venv/lib/python3.10/site-packages$marshmallow",
    "/Users/sid/Desktop/VisitorWiz/.venv/lib/pyre_check/typeshed/stdlib",
    "/Users/sid/Desktop/VisitorWiz/.venv/lib/pyre_check/typeshed/stubs/DateTimeRange",
    "/Users/sid/Desktop/VisitorWiz/.venv/lib/pyre_check/typeshed/stubs/Deprecated",
    "/Users/sid/Desktop/VisitorWiz/.venv/lib/pyre_check/typeshed/stubs/Flask-Cors",
    "/Users/sid/Desktop/VisitorWiz/.venv/lib/pyre_check/typeshed/stubs/Flask-SQLAlchemy",
    "/Users/sid/Desktop/VisitorWiz/.venv/lib/pyre_check/typeshed/stubs/JACK-Client",
    "/Users/sid/Desktop/VisitorWiz/.venv/lib/pyre_check/typeshed/stubs/Markdown",
    "/Users/sid/Desktop/VisitorWiz/.venv/lib/pyre_check/typeshed/stubs/Pillow",
    "/Users/sid/Desktop/VisitorWiz/.venv/lib/pyre_check/typeshed/stubs/PyMySQL",
    "/Users/sid/Desktop/VisitorWiz/.venv/lib/pyre_check/typeshed/stubs/PyYAML",
    "/Users/sid/Desktop/VisitorWiz/.venv/lib/pyre_check/typeshed/stubs/Pygments",
    "/Users/sid/Desktop/VisitorWiz/.venv/lib/pyre_check/typeshed/stubs/SQLAlchemy",
    "/Users/sid/Desktop/VisitorWiz/.venv/lib/pyre_check/typeshed/stubs/Send2Trash",
    "/Users/sid/Desktop/VisitorWiz/.venv/lib/pyre_check/typeshed/stubs/aiofiles",
    "/Users/sid/Desktop/VisitorWiz/.venv/lib/pyre_check/typeshed/stubs/annoy",
    "/Users/sid/Desktop/VisitorWiz/.venv/lib/pyre_check/typeshed/stubs/appdirs",
    "/Users/sid/Desktop/VisitorWiz/.venv/lib/pyre_check/typeshed/stubs/atomicwrites",
    "/Users/sid/Desktop/VisitorWiz/.venv/lib/pyre_check/typeshed/stubs/aws-xray-sdk",
    "/Users/sid/Desktop/VisitorWiz/.venv/lib/pyre_check/typeshed/stubs/babel",
    "/Users/sid/Desktop/VisitorWiz/.venv/lib/pyre_check/typeshed/stubs/backports.ssl_match_hostname",
    "/Users/sid/Desktop/VisitorWiz/.venv/lib/pyre_check/typeshed/stubs/beautifulsoup4",
    "/Users/sid/Desktop/VisitorWiz/.venv/lib/pyre_check/typeshed/stubs/bleach",
    "/Users/sid/Desktop/VisitorWiz/.venv/lib/pyre_check/typeshed/stubs/boto",
    "/Users/sid/Desktop/VisitorWiz/.venv/lib/pyre_check/typeshed/stubs/braintree",
    "/Users/sid/Desktop/VisitorWiz/.venv/lib/pyre_check/typeshed/stubs/cachetools",
    "/Users/sid/Desktop/VisitorWiz/.venv/lib/pyre_check/typeshed/stubs/caldav",
    "/Users/sid/Desktop/VisitorWiz/.venv/lib/pyre_check/typeshed/stubs/certifi",
    "/Users/sid/Desktop/VisitorWiz/.venv/lib/pyre_check/typeshed/stubs/characteristic",
    "/Users/sid/Desktop/VisitorWiz/.venv/lib/pyre_check/typeshed/stubs/chardet",
    "/Users/sid/Desktop/VisitorWiz/.venv/lib/pyre_check/typeshed/stubs/chevron",
    "/Users/sid/Desktop/VisitorWiz/.venv/lib/pyre_check/typeshed/stubs/click-spinner",
    "/Users/sid/Desktop/VisitorWiz/.venv/lib/pyre_check/typeshed/stubs/colorama",
    "/Users/sid/Desktop/VisitorWiz/.venv/lib/pyre_check/typeshed/stubs/commonmark",
    "/Users/sid/Desktop/VisitorWiz/.venv/lib/pyre_check/typeshed/stubs/contextvars",
    "/Users/sid/Desktop/VisitorWiz/.venv/lib/pyre_check/typeshed/stubs/croniter",
    "/Users/sid/Desktop/VisitorWiz/.venv/lib/pyre_check/typeshed/stubs/cryptography",
    "/Users/sid/Desktop/VisitorWiz/.venv/lib/pyre_check/typeshed/stubs/dataclasses",
    "/Users/sid/Desktop/VisitorWiz/.venv/lib/pyre_check/typeshed/stubs/dateparser",
    "/Users/sid/Desktop/VisitorWiz/.venv/lib/pyre_check/typeshed/stubs/decorator",
    "/Users/sid/Desktop/VisitorWiz/.venv/lib/pyre_check/typeshed/stubs/docopt",
    "/Users/sid/Desktop/VisitorWiz/.venv/lib/pyre_check/typeshed/stubs/docutils",
    "/Users/sid/Desktop/VisitorWiz/.venv/lib/pyre_check/typeshed/stubs/editdistance",
    "/Users/sid/Desktop/VisitorWiz/.venv/lib/pyre_check/typeshed/stubs/emoji",
    "/Users/sid/Desktop/VisitorWiz/.venv/lib/pyre_check/typeshed/stubs/entrypoints",
    "/Users/sid/Desktop/VisitorWiz/.venv/lib/pyre_check/typeshed/stubs/filelock",
    "/Users/sid/Desktop/VisitorWiz/.venv/lib/pyre_check/typeshed/stubs/first",
    "/Users/sid/Desktop/VisitorWiz/.venv/lib/pyre_check/typeshed/stubs/flake8-2020",
    "/Users/sid/Desktop/VisitorWiz/.venv/lib/pyre_check/typeshed/stubs/flake8-bugbear",
    "/Users/sid/Desktop/VisitorWiz/.venv/lib/pyre_check/typeshed/stubs/flake8-builtins",
    "/Users/sid/Desktop/VisitorWiz/.venv/lib/pyre_check/typeshed/stubs/flake8-docstrings",
    "/Users/sid/Desktop/VisitorWiz/.venv/lib/pyre_check/typeshed/stubs/flake8-plugin-utils",
    "/Users/sid/Desktop/VisitorWiz/.venv/lib/pyre_check/typeshed/stubs/flake8-rst-docstrings",
    "/Users/sid/Desktop/VisitorWiz/.venv/lib/pyre_check/typeshed/stubs/flake8-simplify",
    "/Users/sid/Desktop/VisitorWiz/.venv/lib/pyre_check/typeshed/stubs/flake8-typing-imports",
    "/Users/sid/Desktop/VisitorWiz/.venv/lib/pyre_check/typeshed/stubs/fpdf2",
    "/Users/sid/Desktop/VisitorWiz/.venv/lib/pyre_check/typeshed/stubs/freezegun",
    "/Users/sid/Desktop/VisitorWiz/.venv/lib/pyre_check/typeshed/stubs/frozendict",
    "/Users/sid/Desktop/VisitorWiz/.venv/lib/pyre_check/typeshed/stubs/google-cloud-ndb",
    "/Users/sid/Desktop/VisitorWiz/.venv/lib/pyre_check/typeshed/stubs/hdbcli",
    "/Users/sid/Desktop/VisitorWiz/.venv/lib/pyre_check/typeshed/stubs/html5lib",
    "/Users/sid/Desktop/VisitorWiz/.venv/lib/pyre_check/typeshed/stubs/httplib2",
    "/Users/sid/Desktop/VisitorWiz/.venv/lib/pyre_check/typeshed/stubs/humanfriendly",
    "/Users/sid/Desktop/VisitorWiz/.venv/lib/pyre_check/typeshed/stubs/invoke",
    "/Users/sid/Desktop/VisitorWiz/.venv/lib/pyre_check/typeshed/stubs/jmespath",
    "/Users/sid/Desktop/VisitorWiz/.venv/lib/pyre_check/typeshed/stubs/jsonschema",
    "/Users/sid/Desktop/VisitorWiz/.venv/lib/pyre_check/typeshed/stubs/ldap3",
    "/Users/sid/Desktop/VisitorWiz/.venv/lib/pyre_check/typeshed/stubs/mock",
    "/Users/sid/Desktop/VisitorWiz/.venv/lib/pyre_check/typeshed/stubs/mypy-extensions",
    "/Users/sid/Desktop/VisitorWiz/.venv/lib/pyre_check/typeshed/stubs/mysqlclient",
    "/Users/sid/Desktop/VisitorWiz/.venv/lib/pyre_check/typeshed/stubs/oauthlib",
    "/Users/sid/Desktop/VisitorWiz/.venv/lib/pyre_check/typeshed/stubs/openpyxl",
    "/Users/sid/Desktop/VisitorWiz/.venv/lib/pyre_check/typeshed/stubs/opentracing",
    "/Users/sid/Desktop/VisitorWiz/.venv/lib/pyre_check/typeshed/stubs/paramiko",
    "/Users/sid/Desktop/VisitorWiz/.venv/lib/pyre_check/typeshed/stubs/parsimonious",
    "/Users/sid/Desktop/VisitorWiz/.venv/lib/pyre_check/typeshed/stubs/passlib",
    "/Users/sid/Desktop/VisitorWiz/.venv/lib/pyre_check/typeshed/stubs/passpy",
    "/Users/sid/Desktop/VisitorWiz/.venv/lib/pyre_check/typeshed/stubs/pep8-naming",
    "/Users/sid/Desktop/VisitorWiz/.venv/lib/pyre_check/typeshed/stubs/playsound",
    "/Users/sid/Desktop/VisitorWiz/.venv/lib/pyre_check/typeshed/stubs/polib",
    "/Users/sid/Desktop/VisitorWiz/.venv/lib/pyre_check/typeshed/stubs/prettytable",
    "/Users/sid/Desktop/VisitorWiz/.venv/lib/pyre_check/typeshed/stubs/protobuf",
    "/Users/sid/Desktop/VisitorWiz/.venv/lib/pyre_check/typeshed/stubs/psutil",
    "/Users/sid/Desktop/VisitorWiz/.venv/lib/pyre_check/typeshed/stubs/psycopg2",
    "/Users/sid/Desktop/VisitorWiz/.venv/lib/pyre_check/typeshed/stubs/pyOpenSSL",
    "/Users/sid/Desktop/VisitorWiz/.venv/lib/pyre_check/typeshed/stubs/pyRFC3339",
    "/Users/sid/Desktop/VisitorWiz/.venv/lib/pyre_check/typeshed/stubs/pyaudio",
    "/Users/sid/Desktop/VisitorWiz/.venv/lib/pyre_check/typeshed/stubs/pycurl",
    "/Users/sid/Desktop/VisitorWiz/.venv/lib/pyre_check/typeshed/stubs/pyfarmhash",
    "/Users/sid/Desktop/VisitorWiz/.venv/lib/pyre_check/typeshed/stubs/pyflakes",
    "/Users/sid/Desktop/VisitorWiz/.venv/lib/pyre_check/typeshed/stubs/pynput",
    "/Users/sid/Desktop/VisitorWiz/.venv/lib/pyre_check/typeshed/stubs/pysftp",
    "/Users/sid/Desktop/VisitorWiz/.venv/lib/pyre_check/typeshed/stubs/pytest-lazy-fixture",
    "/Users/sid/Desktop/VisitorWiz/.venv/lib/pyre_check/typeshed/stubs/python-dateutil",
    "/Users/sid/Desktop/VisitorWiz/.venv/lib/pyre_check/typeshed/stubs/python-gflags",
    "/Users/sid/Desktop/VisitorWiz/.venv/lib/pyre_check/typeshed/stubs/python-nmap",
    "/Users/sid/Desktop/VisitorWiz/.venv/lib/pyre_check/typeshed/stubs/python-slugify",
    "/Users/sid/Desktop/VisitorWiz/.venv/lib/pyre_check/typeshed/stubs/pytz",
    "/Users/sid/Desktop/VisitorWiz/.venv/lib/pyre_check/typeshed/stubs/pyvmomi",
    "/Users/sid/Desktop/VisitorWiz/.venv/lib/pyre_check/typeshed/stubs/redis",
    "/Users/sid/Desktop/VisitorWiz/.venv/lib/pyre_check/typeshed/stubs/regex",
    "/Users/sid/Desktop/VisitorWiz/.venv/lib/pyre_check/typeshed/stubs/requests",
    "/Users/sid/Desktop/VisitorWiz/.venv/lib/pyre_check/typeshed/stubs/retry",
    "/Users/sid/Desktop/VisitorWiz/.venv/lib/pyre_check/typeshed/stubs/selenium",
    "/Users/sid/Desktop/VisitorWiz/.venv/lib/pyre_check/typeshed/stubs/setuptools",
    "/Users/sid/Desktop/VisitorWiz/.venv/lib/pyre_check/typeshed/stubs/simplejson",
    "/Users/sid/Desktop/VisitorWiz/.venv/lib/pyre_check/typeshed/stubs/singledispatch",
    "/Users/sid/Desktop/VisitorWiz/.venv/lib/pyre_check/typeshed/stubs/six",
    "/Users/sid/Desktop/VisitorWiz/.venv/lib/pyre_check/typeshed/stubs/slumber",
    "/Users/sid/Desktop/VisitorWiz/.venv/lib/pyre_check/typeshed/stubs/stdlib-list",
    "/Users/sid/Desktop/VisitorWiz/.venv/lib/pyre_check/typeshed/stubs/stripe",
    "/Users/sid/Desktop/VisitorWiz/.venv/lib/pyre_check/typeshed/stubs/tabulate",
    "/Users/sid/Desktop/VisitorWiz/.venv/lib/pyre_check/typeshed/stubs/termcolor",
    "/Users/sid/Desktop/VisitorWiz/.venv/lib/pyre_check/typeshed/stubs/toml",
    "/Users/sid/Desktop/VisitorWiz/.venv/lib/pyre_check/typeshed/stubs/toposort",
    "/Users/sid/Desktop/VisitorWiz/.venv/lib/pyre_check/typeshed/stubs/ttkthemes",
    "/Users/sid/Desktop/VisitorWiz/.venv/lib/pyre_check/typeshed/stubs/typed-ast",
    "/Users/sid/Desktop/VisitorWiz/.venv/lib/pyre_check/typeshed/stubs/tzlocal",
    "/Users/sid/Desktop/VisitorWiz/.venv/lib/pyre_check/typeshed/stubs/ujson",
    "/Users/sid/Desktop/VisitorWiz/.venv/lib/pyre_check/typeshed/stubs/urllib3",
    "/Users/sid/Desktop/VisitorWiz/.venv/lib/pyre_check/typeshed/stubs/vobject",
    "/Users/sid/Desktop/VisitorWiz/.venv/lib/pyre_check/typeshed/stubs/waitress",
    "/Users/sid/Desktop/VisitorWiz/.venv/lib/pyre_check/typeshed/stubs/whatthepatch",
    "/Users/sid/Desktop/VisitorWiz/.venv/lib/pyre_check/typeshed/stubs/xmltodict",
    "/Users/sid/Desktop/VisitorWiz/.venv/lib/pyre_check/typeshed/stubs/xxhash"
  ],
  "excludes": [],
  "checked_directory_allowlist": [
    "/Users/sid/Desktop/VisitorWiz"
  ],
  "checked_directory_blocklist": [],
  "extensions": [],
  "log_path": "/Users/sid/Desktop/VisitorWiz/.pyre",
  "global_root": "/Users/sid/Desktop/VisitorWiz",
  "debug": false,
  "python_version": {
    "major": 3,
    "minor": 10,
    "micro": 2
  },
  "shared_memory": {},
  "parallel": true,
  "number_of_workers": 1,
  "strict": false,
  "socket_path": "/var/folders/vw/20clzjlx5llcqmx67mtf5v_h0000gn/T/pyre_server_cdd308ccb2d413a43dd9af9b1a3e6ba2.sock",
  "show_error_traces": false,
  "additional_logging_sections": [
    "server"
  ],
  "watchman_root": "/Users/sid/Desktop/VisitorWiz",
  "taint_model_paths": [
    "/Users/sid/Desktop/VisitorWiz/.venv/lib/pyre_check/taint"
  ],
  "store_type_check_resolution": false,
  "critical_files": [
    {
      "full_path": "/Users/sid/Desktop/VisitorWiz/.pyre_configuration"
    }
  ]
}
2022-04-25 21:21:54,675 [PID 8482] INFO Server is starting in the background.

2022-04-25 21:21:55,705 [PID 8482] INFO  Initializing file watching service...
2022-04-25 21:21:56,708 [PID 8482] INFO  Connecting to watchman...
2022-04-25 21:21:56,708 [PID 8482] INFO  Established watchman connection.
2022-04-25 21:21:56,709 [PID 8482] INFO  Request watchman subscription at /Users/sid/Desktop/VisitorWiz
2022-04-25 21:21:56,709 [PID 8482] INFO  Server has started listening on socket `/var/folders/vw/20clzjlx5llcqmx67mtf5v_h0000gn/T/pyre_server_cdd308ccb2d413a43dd9af9b1a3e6ba2.sock`
2022-04-25 21:21:56,709 [PID 8482] INFO  Initializing shared memory [heap_size=8589934592, dep_table_pow=27, hash_table_pow=26]
2022-04-25 21:21:56,709 [PID 8482] INFO  Initializing server state from scratch...
2022-04-25 21:21:56,710 [PID 8482] INFO  Building module tracker...
2022-04-25 21:21:56,710 [PID 8482] PERFORMANCE  Module tracker built: 0.572s
2022-04-25 21:21:56,710 [PID 8482] INFO  Building type environment...
2022-04-25 21:21:56,710 [PID 8482] PERFORMANCE  Sources parsed: 0.064s
2022-04-25 21:22:44,826 [PID 8482] PERFORMANCE  Full environment built: 48.407s
2022-04-25 21:22:45,827 [PID 8482] INFO  Checking 73495 functions...
2022-04-25 21:22:52,860 [PID 8482] INFO  Processed 994 of 73495 functions
2022-04-25 21:22:58,873 [PID 8482] INFO  Processed 1988 of 73495 functions
2022-04-25 21:23:03,886 [PID 8482] INFO  Processed 2982 of 73495 functions
2022-04-25 21:23:05,888 [PID 8482] INFO  Processed 3976 of 73495 functions
2022-04-25 21:23:08,895 [PID 8482] INFO  Processed 4970 of 73495 functions
2022-04-25 21:23:11,899 [PID 8482] INFO  Processed 5964 of 73495 functions
2022-04-25 21:23:14,905 [PID 8482] INFO  Processed 6958 of 73495 functions
2022-04-25 21:23:16,914 [PID 8482] INFO  Processed 7952 of 73495 functions
2022-04-25 21:23:20,924 [PID 8482] INFO  Processed 8946 of 73495 functions
2022-04-25 21:23:23,932 [PID 8482] INFO  Processed 9940 of 73495 functions
2022-04-25 21:23:25,938 [PID 8482] INFO  Processed 10934 of 73495 functions
2022-04-25 21:23:31,944 [PID 8482] INFO  Processed 11928 of 73495 functions
2022-04-25 21:23:37,956 [PID 8482] INFO  Processed 12922 of 73495 functions
2022-04-25 21:23:50,982 [PID 8482] INFO  Processed 13916 of 73495 functions
2022-04-25 21:23:56,999 [PID 8482] INFO  Processed 14910 of 73495 functions
2022-04-25 21:24:47,126 [PID 8482] INFO  Processed 15904 of 73495 functions
2022-04-25 21:24:54,134 [PID 8482] INFO  Processed 16898 of 73495 functions
2022-04-25 21:24:57,142 [PID 8482] INFO  Processed 17892 of 73495 functions
2022-04-25 21:25:00,152 [PID 8482] INFO  Processed 18886 of 73495 functions
2022-04-25 21:25:02,529 [PID 8482] INFO SIGINT received. Terminating background server...
2022-04-25 21:25:02,623 [PID 8482] ERROR Interrupted by user. No server is spawned.
2022-04-25 21:25:09,677 [PID 8690] INFO Waiting for server...
2022-04-25 21:25:09,685 [PID 8690] INFO Cannot find a running Pyre server. Starting a new one...
2022-04-25 21:25:09,686 [PID 8690] INFO No binary specified, looking for `pyre.bin` in PATH
2022-04-25 21:25:09,687 [PID 8690] INFO Could not determine the number of Pyre workers from configuration. Auto-set the value to 1.
2022-04-25 21:25:09,693 [PID 8690] INFO No typeshed specified, looking for it...
2022-04-25 21:25:09,693 [PID 8690] INFO Found: `/Users/sid/Desktop/VisitorWiz/.venv/lib/pyre_check/typeshed`
2022-04-25 21:25:09,698 [PID 8690] INFO Starting server at `VisitorWiz`...
2022-04-25 21:25:09,699 [PID 8690] INFO Writing arguments into /var/folders/vw/20clzjlx5llcqmx67mtf5v_h0000gn/T/pyre_arguments_g2ybfjsp.json...
2022-04-25 21:25:09,700 [PID 8690] DEBUG Arguments:
{
  "source_paths": {
    "kind": "simple",
    "paths": [
      "/Users/sid/Desktop/VisitorWiz/src"
    ]
  },
  "search_paths": [
    "/Users/sid/Desktop/VisitorWiz/.venv/lib/python3.10/site-packages$numpy",
    "/Users/sid/Desktop/VisitorWiz/.venv/lib/python3.10/site-packages$pyparsing",
    "/Users/sid/Desktop/VisitorWiz/.venv/lib/python3.10/site-packages$dotenv",
    "/Users/sid/Desktop/VisitorWiz/.venv/lib/python3.10/site-packages$click",
    "/Users/sid/Desktop/VisitorWiz/.venv/lib/python3.10/site-packages$pip",
    "/Users/sid/Desktop/VisitorWiz/.venv/lib/python3.10/site-packages$dataclasses_json",
    "/Users/sid/Desktop/VisitorWiz/.venv/lib/python3.10/site-packages$marshmallow",
    "/Users/sid/Desktop/VisitorWiz/.venv/lib/python3.10/site-packages$testslide",
    "/Users/sid/Desktop/VisitorWiz/.venv/lib/python3.10/site-packages$libcst",
    "/Users/sid/Desktop/VisitorWiz/.venv/lib/python3.10/site-packages$typeguard",
    "/Users/sid/Desktop/VisitorWiz/.venv/lib/python3.10/site-packages$packaging",
    "/Users/sid/Desktop/VisitorWiz/.venv/lib/pyre_check/typeshed/stdlib",
    "/Users/sid/Desktop/VisitorWiz/.venv/lib/pyre_check/typeshed/stubs/DateTimeRange",
    "/Users/sid/Desktop/VisitorWiz/.venv/lib/pyre_check/typeshed/stubs/Deprecated",
    "/Users/sid/Desktop/VisitorWiz/.venv/lib/pyre_check/typeshed/stubs/Flask-Cors",
    "/Users/sid/Desktop/VisitorWiz/.venv/lib/pyre_check/typeshed/stubs/Flask-SQLAlchemy",
    "/Users/sid/Desktop/VisitorWiz/.venv/lib/pyre_check/typeshed/stubs/JACK-Client",
    "/Users/sid/Desktop/VisitorWiz/.venv/lib/pyre_check/typeshed/stubs/Markdown",
    "/Users/sid/Desktop/VisitorWiz/.venv/lib/pyre_check/typeshed/stubs/Pillow",
    "/Users/sid/Desktop/VisitorWiz/.venv/lib/pyre_check/typeshed/stubs/PyMySQL",
    "/Users/sid/Desktop/VisitorWiz/.venv/lib/pyre_check/typeshed/stubs/PyYAML",
    "/Users/sid/Desktop/VisitorWiz/.venv/lib/pyre_check/typeshed/stubs/Pygments",
    "/Users/sid/Desktop/VisitorWiz/.venv/lib/pyre_check/typeshed/stubs/SQLAlchemy",
    "/Users/sid/Desktop/VisitorWiz/.venv/lib/pyre_check/typeshed/stubs/Send2Trash",
    "/Users/sid/Desktop/VisitorWiz/.venv/lib/pyre_check/typeshed/stubs/aiofiles",
    "/Users/sid/Desktop/VisitorWiz/.venv/lib/pyre_check/typeshed/stubs/annoy",
    "/Users/sid/Desktop/VisitorWiz/.venv/lib/pyre_check/typeshed/stubs/appdirs",
    "/Users/sid/Desktop/VisitorWiz/.venv/lib/pyre_check/typeshed/stubs/atomicwrites",
    "/Users/sid/Desktop/VisitorWiz/.venv/lib/pyre_check/typeshed/stubs/aws-xray-sdk",
    "/Users/sid/Desktop/VisitorWiz/.venv/lib/pyre_check/typeshed/stubs/babel",
    "/Users/sid/Desktop/VisitorWiz/.venv/lib/pyre_check/typeshed/stubs/backports.ssl_match_hostname",
    "/Users/sid/Desktop/VisitorWiz/.venv/lib/pyre_check/typeshed/stubs/beautifulsoup4",
    "/Users/sid/Desktop/VisitorWiz/.venv/lib/pyre_check/typeshed/stubs/bleach",
    "/Users/sid/Desktop/VisitorWiz/.venv/lib/pyre_check/typeshed/stubs/boto",
    "/Users/sid/Desktop/VisitorWiz/.venv/lib/pyre_check/typeshed/stubs/braintree",
    "/Users/sid/Desktop/VisitorWiz/.venv/lib/pyre_check/typeshed/stubs/cachetools",
    "/Users/sid/Desktop/VisitorWiz/.venv/lib/pyre_check/typeshed/stubs/caldav",
    "/Users/sid/Desktop/VisitorWiz/.venv/lib/pyre_check/typeshed/stubs/certifi",
    "/Users/sid/Desktop/VisitorWiz/.venv/lib/pyre_check/typeshed/stubs/characteristic",
    "/Users/sid/Desktop/VisitorWiz/.venv/lib/pyre_check/typeshed/stubs/chardet",
    "/Users/sid/Desktop/VisitorWiz/.venv/lib/pyre_check/typeshed/stubs/chevron",
    "/Users/sid/Desktop/VisitorWiz/.venv/lib/pyre_check/typeshed/stubs/click-spinner",
    "/Users/sid/Desktop/VisitorWiz/.venv/lib/pyre_check/typeshed/stubs/colorama",
    "/Users/sid/Desktop/VisitorWiz/.venv/lib/pyre_check/typeshed/stubs/commonmark",
    "/Users/sid/Desktop/VisitorWiz/.venv/lib/pyre_check/typeshed/stubs/contextvars",
    "/Users/sid/Desktop/VisitorWiz/.venv/lib/pyre_check/typeshed/stubs/croniter",
    "/Users/sid/Desktop/VisitorWiz/.venv/lib/pyre_check/typeshed/stubs/cryptography",
    "/Users/sid/Desktop/VisitorWiz/.venv/lib/pyre_check/typeshed/stubs/dataclasses",
    "/Users/sid/Desktop/VisitorWiz/.venv/lib/pyre_check/typeshed/stubs/dateparser",
    "/Users/sid/Desktop/VisitorWiz/.venv/lib/pyre_check/typeshed/stubs/decorator",
    "/Users/sid/Desktop/VisitorWiz/.venv/lib/pyre_check/typeshed/stubs/docopt",
    "/Users/sid/Desktop/VisitorWiz/.venv/lib/pyre_check/typeshed/stubs/docutils",
    "/Users/sid/Desktop/VisitorWiz/.venv/lib/pyre_check/typeshed/stubs/editdistance",
    "/Users/sid/Desktop/VisitorWiz/.venv/lib/pyre_check/typeshed/stubs/emoji",
    "/Users/sid/Desktop/VisitorWiz/.venv/lib/pyre_check/typeshed/stubs/entrypoints",
    "/Users/sid/Desktop/VisitorWiz/.venv/lib/pyre_check/typeshed/stubs/filelock",
    "/Users/sid/Desktop/VisitorWiz/.venv/lib/pyre_check/typeshed/stubs/first",
    "/Users/sid/Desktop/VisitorWiz/.venv/lib/pyre_check/typeshed/stubs/flake8-2020",
    "/Users/sid/Desktop/VisitorWiz/.venv/lib/pyre_check/typeshed/stubs/flake8-bugbear",
    "/Users/sid/Desktop/VisitorWiz/.venv/lib/pyre_check/typeshed/stubs/flake8-builtins",
    "/Users/sid/Desktop/VisitorWiz/.venv/lib/pyre_check/typeshed/stubs/flake8-docstrings",
    "/Users/sid/Desktop/VisitorWiz/.venv/lib/pyre_check/typeshed/stubs/flake8-plugin-utils",
    "/Users/sid/Desktop/VisitorWiz/.venv/lib/pyre_check/typeshed/stubs/flake8-rst-docstrings",
    "/Users/sid/Desktop/VisitorWiz/.venv/lib/pyre_check/typeshed/stubs/flake8-simplify",
    "/Users/sid/Desktop/VisitorWiz/.venv/lib/pyre_check/typeshed/stubs/flake8-typing-imports",
    "/Users/sid/Desktop/VisitorWiz/.venv/lib/pyre_check/typeshed/stubs/fpdf2",
    "/Users/sid/Desktop/VisitorWiz/.venv/lib/pyre_check/typeshed/stubs/freezegun",
    "/Users/sid/Desktop/VisitorWiz/.venv/lib/pyre_check/typeshed/stubs/frozendict",
    "/Users/sid/Desktop/VisitorWiz/.venv/lib/pyre_check/typeshed/stubs/google-cloud-ndb",
    "/Users/sid/Desktop/VisitorWiz/.venv/lib/pyre_check/typeshed/stubs/hdbcli",
    "/Users/sid/Desktop/VisitorWiz/.venv/lib/pyre_check/typeshed/stubs/html5lib",
    "/Users/sid/Desktop/VisitorWiz/.venv/lib/pyre_check/typeshed/stubs/httplib2",
    "/Users/sid/Desktop/VisitorWiz/.venv/lib/pyre_check/typeshed/stubs/humanfriendly",
    "/Users/sid/Desktop/VisitorWiz/.venv/lib/pyre_check/typeshed/stubs/invoke",
    "/Users/sid/Desktop/VisitorWiz/.venv/lib/pyre_check/typeshed/stubs/jmespath",
    "/Users/sid/Desktop/VisitorWiz/.venv/lib/pyre_check/typeshed/stubs/jsonschema",
    "/Users/sid/Desktop/VisitorWiz/.venv/lib/pyre_check/typeshed/stubs/ldap3",
    "/Users/sid/Desktop/VisitorWiz/.venv/lib/pyre_check/typeshed/stubs/mock",
    "/Users/sid/Desktop/VisitorWiz/.venv/lib/pyre_check/typeshed/stubs/mypy-extensions",
    "/Users/sid/Desktop/VisitorWiz/.venv/lib/pyre_check/typeshed/stubs/mysqlclient",
    "/Users/sid/Desktop/VisitorWiz/.venv/lib/pyre_check/typeshed/stubs/oauthlib",
    "/Users/sid/Desktop/VisitorWiz/.venv/lib/pyre_check/typeshed/stubs/openpyxl",
    "/Users/sid/Desktop/VisitorWiz/.venv/lib/pyre_check/typeshed/stubs/opentracing",
    "/Users/sid/Desktop/VisitorWiz/.venv/lib/pyre_check/typeshed/stubs/paramiko",
    "/Users/sid/Desktop/VisitorWiz/.venv/lib/pyre_check/typeshed/stubs/parsimonious",
    "/Users/sid/Desktop/VisitorWiz/.venv/lib/pyre_check/typeshed/stubs/passlib",
    "/Users/sid/Desktop/VisitorWiz/.venv/lib/pyre_check/typeshed/stubs/passpy",
    "/Users/sid/Desktop/VisitorWiz/.venv/lib/pyre_check/typeshed/stubs/pep8-naming",
    "/Users/sid/Desktop/VisitorWiz/.venv/lib/pyre_check/typeshed/stubs/playsound",
    "/Users/sid/Desktop/VisitorWiz/.venv/lib/pyre_check/typeshed/stubs/polib",
    "/Users/sid/Desktop/VisitorWiz/.venv/lib/pyre_check/typeshed/stubs/prettytable",
    "/Users/sid/Desktop/VisitorWiz/.venv/lib/pyre_check/typeshed/stubs/protobuf",
    "/Users/sid/Desktop/VisitorWiz/.venv/lib/pyre_check/typeshed/stubs/psutil",
    "/Users/sid/Desktop/VisitorWiz/.venv/lib/pyre_check/typeshed/stubs/psycopg2",
    "/Users/sid/Desktop/VisitorWiz/.venv/lib/pyre_check/typeshed/stubs/pyOpenSSL",
    "/Users/sid/Desktop/VisitorWiz/.venv/lib/pyre_check/typeshed/stubs/pyRFC3339",
    "/Users/sid/Desktop/VisitorWiz/.venv/lib/pyre_check/typeshed/stubs/pyaudio",
    "/Users/sid/Desktop/VisitorWiz/.venv/lib/pyre_check/typeshed/stubs/pycurl",
    "/Users/sid/Desktop/VisitorWiz/.venv/lib/pyre_check/typeshed/stubs/pyfarmhash",
    "/Users/sid/Desktop/VisitorWiz/.venv/lib/pyre_check/typeshed/stubs/pyflakes",
    "/Users/sid/Desktop/VisitorWiz/.venv/lib/pyre_check/typeshed/stubs/pynput",
    "/Users/sid/Desktop/VisitorWiz/.venv/lib/pyre_check/typeshed/stubs/pysftp",
    "/Users/sid/Desktop/VisitorWiz/.venv/lib/pyre_check/typeshed/stubs/pytest-lazy-fixture",
    "/Users/sid/Desktop/VisitorWiz/.venv/lib/pyre_check/typeshed/stubs/python-dateutil",
    "/Users/sid/Desktop/VisitorWiz/.venv/lib/pyre_check/typeshed/stubs/python-gflags",
    "/Users/sid/Desktop/VisitorWiz/.venv/lib/pyre_check/typeshed/stubs/python-nmap",
    "/Users/sid/Desktop/VisitorWiz/.venv/lib/pyre_check/typeshed/stubs/python-slugify",
    "/Users/sid/Desktop/VisitorWiz/.venv/lib/pyre_check/typeshed/stubs/pytz",
    "/Users/sid/Desktop/VisitorWiz/.venv/lib/pyre_check/typeshed/stubs/pyvmomi",
    "/Users/sid/Desktop/VisitorWiz/.venv/lib/pyre_check/typeshed/stubs/redis",
    "/Users/sid/Desktop/VisitorWiz/.venv/lib/pyre_check/typeshed/stubs/regex",
    "/Users/sid/Desktop/VisitorWiz/.venv/lib/pyre_check/typeshed/stubs/requests",
    "/Users/sid/Desktop/VisitorWiz/.venv/lib/pyre_check/typeshed/stubs/retry",
    "/Users/sid/Desktop/VisitorWiz/.venv/lib/pyre_check/typeshed/stubs/selenium",
    "/Users/sid/Desktop/VisitorWiz/.venv/lib/pyre_check/typeshed/stubs/setuptools",
    "/Users/sid/Desktop/VisitorWiz/.venv/lib/pyre_check/typeshed/stubs/simplejson",
    "/Users/sid/Desktop/VisitorWiz/.venv/lib/pyre_check/typeshed/stubs/singledispatch",
    "/Users/sid/Desktop/VisitorWiz/.venv/lib/pyre_check/typeshed/stubs/six",
    "/Users/sid/Desktop/VisitorWiz/.venv/lib/pyre_check/typeshed/stubs/slumber",
    "/Users/sid/Desktop/VisitorWiz/.venv/lib/pyre_check/typeshed/stubs/stdlib-list",
    "/Users/sid/Desktop/VisitorWiz/.venv/lib/pyre_check/typeshed/stubs/stripe",
    "/Users/sid/Desktop/VisitorWiz/.venv/lib/pyre_check/typeshed/stubs/tabulate",
    "/Users/sid/Desktop/VisitorWiz/.venv/lib/pyre_check/typeshed/stubs/termcolor",
    "/Users/sid/Desktop/VisitorWiz/.venv/lib/pyre_check/typeshed/stubs/toml",
    "/Users/sid/Desktop/VisitorWiz/.venv/lib/pyre_check/typeshed/stubs/toposort",
    "/Users/sid/Desktop/VisitorWiz/.venv/lib/pyre_check/typeshed/stubs/ttkthemes",
    "/Users/sid/Desktop/VisitorWiz/.venv/lib/pyre_check/typeshed/stubs/typed-ast",
    "/Users/sid/Desktop/VisitorWiz/.venv/lib/pyre_check/typeshed/stubs/tzlocal",
    "/Users/sid/Desktop/VisitorWiz/.venv/lib/pyre_check/typeshed/stubs/ujson",
    "/Users/sid/Desktop/VisitorWiz/.venv/lib/pyre_check/typeshed/stubs/urllib3",
    "/Users/sid/Desktop/VisitorWiz/.venv/lib/pyre_check/typeshed/stubs/vobject",
    "/Users/sid/Desktop/VisitorWiz/.venv/lib/pyre_check/typeshed/stubs/waitress",
    "/Users/sid/Desktop/VisitorWiz/.venv/lib/pyre_check/typeshed/stubs/whatthepatch",
    "/Users/sid/Desktop/VisitorWiz/.venv/lib/pyre_check/typeshed/stubs/xmltodict",
    "/Users/sid/Desktop/VisitorWiz/.venv/lib/pyre_check/typeshed/stubs/xxhash"
  ],
  "excludes": [],
  "checked_directory_allowlist": [
    "/Users/sid/Desktop/VisitorWiz/src"
  ],
  "checked_directory_blocklist": [],
  "extensions": [],
  "log_path": "/Users/sid/Desktop/VisitorWiz/.pyre",
  "global_root": "/Users/sid/Desktop/VisitorWiz",
  "debug": false,
  "python_version": {
    "major": 3,
    "minor": 10,
    "micro": 2
  },
  "shared_memory": {},
  "parallel": true,
  "number_of_workers": 1,
  "strict": false,
  "socket_path": "/var/folders/vw/20clzjlx5llcqmx67mtf5v_h0000gn/T/pyre_server_cdd308ccb2d413a43dd9af9b1a3e6ba2.sock",
  "show_error_traces": false,
  "additional_logging_sections": [
    "server"
  ],
  "watchman_root": "/Users/sid/Desktop/VisitorWiz",
  "taint_model_paths": [
    "/Users/sid/Desktop/VisitorWiz/.venv/lib/pyre_check/taint"
  ],
  "store_type_check_resolution": false,
  "critical_files": [
    {
      "full_path": "/Users/sid/Desktop/VisitorWiz/.pyre_configuration"
    }
  ]
}
2022-04-25 21:25:09,708 [PID 8690] INFO Server is starting in the background.

2022-04-25 21:25:10,729 [PID 8690] INFO  Initializing file watching service...
2022-04-25 21:25:10,730 [PID 8690] INFO  Connecting to watchman...
2022-04-25 21:25:10,730 [PID 8690] INFO  Established watchman connection.
2022-04-25 21:25:10,731 [PID 8690] INFO  Request watchman subscription at /Users/sid/Desktop/VisitorWiz
2022-04-25 21:25:10,731 [PID 8690] INFO  Server has started listening on socket `/var/folders/vw/20clzjlx5llcqmx67mtf5v_h0000gn/T/pyre_server_cdd308ccb2d413a43dd9af9b1a3e6ba2.sock`
2022-04-25 21:25:10,731 [PID 8690] INFO  Initializing shared memory [heap_size=8589934592, dep_table_pow=27, hash_table_pow=26]
2022-04-25 21:25:10,735 [PID 8690] INFO  Initializing server state from scratch...
2022-04-25 21:25:10,736 [PID 8690] INFO  Building module tracker...
2022-04-25 21:25:11,733 [PID 8690] PERFORMANCE  Module tracker built: 1.008s
2022-04-25 21:25:11,733 [PID 8690] INFO  Building type environment...
2022-04-25 21:25:11,734 [PID 8690] PERFORMANCE  Sources parsed: 0.121s
2022-04-25 21:25:11,734 [PID 8690] PERFORMANCE  Full environment built: 0.196s
2022-04-25 21:25:11,734 [PID 8690] INFO  Checking 19 functions...
2022-04-25 21:25:13,136 [PID 8690] INFO Waiting for server...
2022-04-25 21:25:13,154 [PID 8690] ERROR Found 5 type errors!
